Determining if the pthread_create exist failed with the following output:
Change Dir: /home/jin/Q/Done/ORB_Collection_03_27_2017/fr200_recorder/build/CMakeFiles/CMakeTmp

Run Build Command:/usr/bin/make "cmTryCompileExec580447899/fast"
/usr/bin/make -f CMakeFiles/cmTryCompileExec580447899.dir/build.make CMakeFiles/cmTryCompileExec580447899.dir/build
make[1]: Entering directory `/home/jin/Q/Done/ORB_Collection_03_27_2017/fr200_recorder/build/CMakeFiles/CMakeTmp'
/usr/bin/cmake -E cmake_progress_report /home/jin/Q/Done/ORB_Collection_03_27_2017/fr200_recorder/build/CMakeFiles/CMakeTmp/CMakeFiles 1
Building C object CMakeFiles/cmTryCompileExec580447899.dir/CheckSymbolExists.c.o
/usr/bin/cc    -o CMakeFiles/cmTryCompileExec580447899.dir/CheckSymbolExists.c.o   -c /home/jin/Q/Done/ORB_Collection_03_27_2017/fr200_recorder/build/CMakeFiles/CMakeTmp/CheckSymbolExists.c
Linking C executable cmTryCompileExec580447899
/usr/bin/cmake -E cmake_link_script CMakeFiles/cmTryCompileExec580447899.dir/link.txt --verbose=1
/usr/bin/cc       CMakeFiles/cmTryCompileExec580447899.dir/CheckSymbolExists.c.o  -o cmTryCompileExec580447899 -rdynamic 
CMakeFiles/cmTryCompileExec580447899.dir/CheckSymbolExists.c.o: In function `main':
CheckSymbolExists.c:(.text+0x16): undefined reference to `pthread_create'
collect2: error: ld returned 1 exit status
make[1]: Leaving directory `/home/jin/Q/Done/ORB_Collection_03_27_2017/fr200_recorder/build/CMakeFiles/CMakeTmp'
make[1]: *** [cmTryCompileExec580447899] Error 1
make: *** [cmTryCompileExec580447899/fast] Error 2

File /home/jin/Q/Done/ORB_Collection_03_27_2017/fr200_recorder/build/CMakeFiles/CMakeTmp/CheckSymbolExists.c:
/* */
#include <pthread.h>

int main(int argc, char** argv)
{
  (void)argv;
#ifndef pthread_create
  return ((int*)(&pthread_create))[argc];
#else
  (void)argc;
  return 0;
#endif
}

Determining if the function pthread_create exists in the pthreads failed with the following output:
Change Dir: /home/jin/Q/Done/ORB_Collection_03_27_2017/fr200_recorder/build/CMakeFiles/CMakeTmp

Run Build Command:/usr/bin/make "cmTryCompileExec3527806600/fast"
/usr/bin/make -f CMakeFiles/cmTryCompileExec3527806600.dir/build.make CMakeFiles/cmTryCompileExec3527806600.dir/build
make[1]: Entering directory `/home/jin/Q/Done/ORB_Collection_03_27_2017/fr200_recorder/build/CMakeFiles/CMakeTmp'
/usr/bin/cmake -E cmake_progress_report /home/jin/Q/Done/ORB_Collection_03_27_2017/fr200_recorder/build/CMakeFiles/CMakeTmp/CMakeFiles 1
Building C object CMakeFiles/cmTryCompileExec3527806600.dir/CheckFunctionExists.c.o
/usr/bin/cc   -DCHECK_FUNCTION_EXISTS=pthread_create   -o CMakeFiles/cmTryCompileExec3527806600.dir/CheckFunctionExists.c.o   -c /usr/share/cmake-2.8/Modules/CheckFunctionExists.c
Linking C executable cmTryCompileExec3527806600
/usr/bin/cmake -E cmake_link_script CMakeFiles/cmTryCompileExec3527806600.dir/link.txt --verbose=1
/usr/bin/cc   -DCHECK_FUNCTION_EXISTS=pthread_create    CMakeFiles/cmTryCompileExec3527806600.dir/CheckFunctionExists.c.o  -o cmTryCompileExec3527806600 -rdynamic -lpthreads 
/usr/bin/ld: cannot find -lpthreads
collect2: error: ld returned 1 exit status
make[1]: Leaving directory `/home/jin/Q/Done/ORB_Collection_03_27_2017/fr200_recorder/build/CMakeFiles/CMakeTmp'
make[1]: *** [cmTryCompileExec3527806600] Error 1
make: *** [cmTryCompileExec3527806600/fast] Error 2


