Determining if the pthread_create exist failed with the following output:
Change Dir: /home/jin/Q/Done/Data_Collection_03_14_2017/fr200_recorder/build/CMakeFiles/CMakeTmp

Run Build Command:/usr/bin/make "cmTryCompileExec485129480/fast"
/usr/bin/make -f CMakeFiles/cmTryCompileExec485129480.dir/build.make CMakeFiles/cmTryCompileExec485129480.dir/build
make[1]: Entering directory `/home/jin/Q/Done/Data_Collection_03_14_2017/fr200_recorder/build/CMakeFiles/CMakeTmp'
/usr/bin/cmake -E cmake_progress_report /home/jin/Q/Done/Data_Collection_03_14_2017/fr200_recorder/build/CMakeFiles/CMakeTmp/CMakeFiles 1
Building C object CMakeFiles/cmTryCompileExec485129480.dir/CheckSymbolExists.c.o
/usr/bin/cc    -o CMakeFiles/cmTryCompileExec485129480.dir/CheckSymbolExists.c.o   -c /home/jin/Q/Done/Data_Collection_03_14_2017/fr200_recorder/build/CMakeFiles/CMakeTmp/CheckSymbolExists.c
Linking C executable cmTryCompileExec485129480
/usr/bin/cmake -E cmake_link_script CMakeFiles/cmTryCompileExec485129480.dir/link.txt --verbose=1
/usr/bin/cc       CMakeFiles/cmTryCompileExec485129480.dir/CheckSymbolExists.c.o  -o cmTryCompileExec485129480 -rdynamic 
CMakeFiles/cmTryCompileExec485129480.dir/CheckSymbolExists.c.o: In function `main':
CheckSymbolExists.c:(.text+0x16): undefined reference to `pthread_create'
collect2: error: ld returned 1 exit status
make[1]: Leaving directory `/home/jin/Q/Done/Data_Collection_03_14_2017/fr200_recorder/build/CMakeFiles/CMakeTmp'
make[1]: *** [cmTryCompileExec485129480] Error 1
make: *** [cmTryCompileExec485129480/fast] Error 2

File /home/jin/Q/Done/Data_Collection_03_14_2017/fr200_recorder/build/CMakeFiles/CMakeTmp/CheckSymbolExists.c:
/* */
#include <pthread.h>

int main(int argc, char** argv)
{
  (void)argv;
#ifndef pthread_create
  return ((int*)(&pthread_create))[argc];
#else
  (void)argc;
  return 0;
#endif
}

Determining if the function pthread_create exists in the pthreads failed with the following output:
Change Dir: /home/jin/Q/Done/Data_Collection_03_14_2017/fr200_recorder/build/CMakeFiles/CMakeTmp

Run Build Command:/usr/bin/make "cmTryCompileExec1999886635/fast"
/usr/bin/make -f CMakeFiles/cmTryCompileExec1999886635.dir/build.make CMakeFiles/cmTryCompileExec1999886635.dir/build
make[1]: Entering directory `/home/jin/Q/Done/Data_Collection_03_14_2017/fr200_recorder/build/CMakeFiles/CMakeTmp'
/usr/bin/cmake -E cmake_progress_report /home/jin/Q/Done/Data_Collection_03_14_2017/fr200_recorder/build/CMakeFiles/CMakeTmp/CMakeFiles 1
Building C object CMakeFiles/cmTryCompileExec1999886635.dir/CheckFunctionExists.c.o
/usr/bin/cc   -DCHECK_FUNCTION_EXISTS=pthread_create   -o CMakeFiles/cmTryCompileExec1999886635.dir/CheckFunctionExists.c.o   -c /usr/share/cmake-2.8/Modules/CheckFunctionExists.c
Linking C executable cmTryCompileExec1999886635
/usr/bin/cmake -E cmake_link_script CMakeFiles/cmTryCompileExec1999886635.dir/link.txt --verbose=1
/usr/bin/cc   -DCHECK_FUNCTION_EXISTS=pthread_create    CMakeFiles/cmTryCompileExec1999886635.dir/CheckFunctionExists.c.o  -o cmTryCompileExec1999886635 -rdynamic -lpthreads 
/usr/bin/ld: cannot find -lpthreads
collect2: error: ld returned 1 exit status
make[1]: Leaving directory `/home/jin/Q/Done/Data_Collection_03_14_2017/fr200_recorder/build/CMakeFiles/CMakeTmp'
make[1]: *** [cmTryCompileExec1999886635] Error 1
make: *** [cmTryCompileExec1999886635/fast] Error 2


